## 开始执行... 2023-03-08 21:50:00

开始更新仓库：/ql/repo/6dylan6_jdpro

Fetching origin
HEAD is now at 0d811f0 1
Updating 0d811f0..9d97d11
Fast-forward
 jd_bean_change.js |   2 +-
 jd_opencard90.js  |  75 --------------
 jd_opencard91.js  |  76 --------------
 jd_yyh.js         | 298 ++++++++++++++++++++++++++++++++++++++++++++++++++++++
 4 files changed, 299 insertions(+), 152 deletions(-)
 delete mode 100644 jd_opencard90.js
 delete mode 100644 jd_opencard91.js
 create mode 100644 jd_yyh.js

更新/ql/repo/6dylan6_jdpro成功...

检测到有失效的定时任务：

6dylan6_jdpro/jd_opencard90.js
6dylan6_jdpro/jd_opencard91.js

开始尝试自动删除失效的定时任务...

检测到有新的定时任务：

6dylan6_jdpro/jd_yyh.js

开始尝试自动添加定时任务...

京东晚八点音乐会 -> 添加成功

## 执行结束... 2023-03-08 21:50:11  耗时 11 秒
