## 开始执行... 2023-04-21 23:53:56

开始更新仓库：/ql/repo/6dylan6_jdpro

Fetching origin
HEAD is now at 45ae4c2 1
Updating 45ae4c2..ccaf3cf
Fast-forward
 jd_dplh0410.js    |  27 -----
 jd_dplh0411.js    |  27 -----
 jd_dplh0414.js    |  29 -----
 jd_dplh042001.js  |  27 +++++
 jd_dplh042002.js  |  27 +++++
 jd_jrsign.js      |   3 +-
 jd_unsubscribe.js | 355 +-----------------------------------------------------
 jd_xs_zzl.js      | 211 --------------------------------
 8 files changed, 60 insertions(+), 646 deletions(-)
 delete mode 100644 jd_dplh0410.js
 delete mode 100644 jd_dplh0411.js
 delete mode 100644 jd_dplh0414.js
 create mode 100644 jd_dplh042001.js
 create mode 100644 jd_dplh042002.js
 delete mode 100644 jd_xs_zzl.js

更新/ql/repo/6dylan6_jdpro成功...

检测到有失效的定时任务：

6dylan6_jdpro/jd_dplh0410.js
6dylan6_jdpro/jd_dplh0411.js
6dylan6_jdpro/jd_dplh0414.js
6dylan6_jdpro/jd_xs_zzl.js

开始尝试自动删除失效的定时任务...

检测到有新的定时任务：

6dylan6_jdpro/jd_dplh042001.js
6dylan6_jdpro/jd_dplh042002.js

开始尝试自动添加定时任务...

大牌联合042001期 -> 添加成功
大牌联合042002期 -> 添加成功

## 执行结束... 2023-04-21 23:59:30  耗时 334 秒
