## 开始执行... 2023-03-20 17:50:01

开始更新仓库：/ql/repo/6dylan6_jdpro

Fetching origin
HEAD is now at d3637b9 1
Updating d3637b9..b854e09
Fast-forward
 JD_DailyBonus.js  | 1947 -----------------------------------------------------
 README.md         |   12 +-
 jd_bean_sign.js   |  316 ---------
 jd_cashsign.js    |  152 +++++
 jd_signbeanact.js |   38 +-
 5 files changed, 196 insertions(+), 2269 deletions(-)
 delete mode 100644 JD_DailyBonus.js
 delete mode 100644 jd_bean_sign.js
 create mode 100644 jd_cashsign.js

更新/ql/repo/6dylan6_jdpro成功...

检测到有失效的定时任务：

6dylan6_jdpro/jd_bean_sign.js

开始尝试自动删除失效的定时任务...

检测到有新的定时任务：

6dylan6_jdpro/jd_cashsign.js

开始尝试自动添加定时任务...

领现金签到 -> 添加成功

## 执行结束... 2023-03-20 17:55:22  耗时 321 秒
