## 开始执行... 2023-10-05 20:32:35

开始克隆仓库 https://git.metauniverse-cn.com/https://github.com/shufflewzc/faker2.git 到 /ql/repo/shufflewzc_faker2_main


更新/ql/repo/shufflewzc_faker2_main成功...

检测到有失效的定时任务：

shufflewzc_faker2_main/jd_dreamFactory.js
shufflewzc_faker2_main/jd_dreamFactory_tuan.js
shufflewzc_faker2_main/jd_gehugame.js
shufflewzc_faker2_main/jd_jdfactory.js
shufflewzc_faker2_main/jd_jdfactory_help.js
shufflewzc_faker2_main/jd_jxmc.js
shufflewzc_faker2_main/jd_mf_new.js
shufflewzc_faker2_main/jd_mfredrain.js
shufflewzc_faker2_main/jd_mofang_ex.js
shufflewzc_faker2_main/jd_necklace_6dy.js
shufflewzc_faker2_main/jd_supermohe.js
shufflewzc_faker2_main/jd_tmplottery.js
shufflewzc_faker2_main/jd_xinruimz.js
shufflewzc_faker2_main/jd_xmf.js
shufflewzc_faker2_main/jx_factory_commodity.js

开始尝试自动删除失效的定时任务...

检测到有新的定时任务：

shufflewzc_faker2_main/jd_cy.js
shufflewzc_faker2_main/jd_lzkj_loreal_dailyGrabs.js
shufflewzc_faker2_main/jd_lzkj_loreal_daySign.js
shufflewzc_faker2_main/jd_lzkj_loreal_organizeTeam.js
shufflewzc_faker2_main/jd_wxSign.js
shufflewzc_faker2_main/jd_zqkk.js
shufflewzc_faker2_main/jd_zqydj.js

开始尝试自动添加定时任务...

10.6 畅玩C位 畅享出游 -> 添加成功
每日抢好礼（超级无线） -> 添加成功
签到有礼（超级无线） -> 添加成功
组队瓜分奖品（超级无线） -> 添加成功
店铺签到（超级无线/超级会员） -> 添加成功
9.29 中秋开卡 -> 添加成功
攒券赢大奖任务 -> 添加成功

## 执行结束... 2023-10-05 20:34:19  耗时 104 秒
