## 开始执行... 2023-02-12 18:53:29

开始克隆仓库 https://github.com/RayWangQvQ/BiliBiliToolPro.git 到 /ql/repo/RayWangQvQ_BiliBiliToolPro


更新/ql/repo/RayWangQvQ_BiliBiliToolPro成功...

检测到有新的定时任务：

RayWangQvQ_BiliBiliToolPro/bili_task_base.sh
RayWangQvQ_BiliBiliToolPro/bili_task_daily.sh
RayWangQvQ_BiliBiliToolPro/bili_task_liveFansMedal.sh
RayWangQvQ_BiliBiliToolPro/bili_task_liveLottery.sh
RayWangQvQ_BiliBiliToolPro/bili_task_login.sh
RayWangQvQ_BiliBiliToolPro/bili_task_test.sh
RayWangQvQ_BiliBiliToolPro/bili_task_tryFix.sh
RayWangQvQ_BiliBiliToolPro/bili_task_unfollowBatched.sh
RayWangQvQ_BiliBiliToolPro/bili_task_vipBigPoint.sh

开始尝试自动添加定时任务...

bili_base -> 添加成功
bili每日任务 -> 添加成功
bili直播粉丝牌 -> 添加成功
bili天选时刻 -> 添加成功
bili扫码登录 -> 添加成功
bili测试ck -> 添加成功
bili尝试修复异常 -> 添加成功
bili批量取关主播 -> 添加成功
bili大会员大积分 -> 添加成功

## 执行结束... 2023-02-12 18:53:42  耗时 13 秒
