## 开始执行... 2023-03-01 19:50:00

开始更新仓库：/ql/repo/6dylan6_jdpro

Fetching origin
HEAD is now at 5536c5a 1
Updating 5536c5a..4b742bb
Fast-forward
 README.md      | 24 +++++++-----------------
 jd_sk2_draw.js | 24 ++++++++++++++++++++++++
 jd_teamAJ.js   | 29 +++++++++++++++++++++++++++++
 3 files changed, 60 insertions(+), 17 deletions(-)
 create mode 100644 jd_sk2_draw.js
 create mode 100644 jd_teamAJ.js

更新/ql/repo/6dylan6_jdpro成功...

检测到有新的定时任务：

6dylan6_jdpro/jd_sk2_draw.js
6dylan6_jdpro/jd_teamAJ.js

开始尝试自动添加定时任务...

3.1-3.31 SK2互动抽奖，至高赢经典神仙水 -> 添加成功
安佳组队分豆 -> 添加成功

## 执行结束... 2023-03-01 19:50:09  耗时 9 秒
