## 开始执行... 2023-10-07 00:00:00

开始克隆仓库 https://git.metauniverse-cn.com/https://github.com/shufflewzc/faker2.git 到 /ql/repo/shufflewzc_faker2_main


更新/ql/repo/shufflewzc_faker2_main成功...

检测到有失效的定时任务：

shufflewzc_faker2_main/jd_a2.js
shufflewzc_faker2_main/jd_beauty.js
shufflewzc_faker2_main/jd_beauty_ex.js
shufflewzc_faker2_main/jd_csdt.js
shufflewzc_faker2_main/jd_cxjhelp.js
shufflewzc_faker2_main/jd_cxxb_award.js
shufflewzc_faker2_main/jd_doTreasureRank.py
shufflewzc_faker2_main/jd_dreamFactory_help.js
shufflewzc_faker2_main/jd_dzz.js
shufflewzc_faker2_main/jd_jdsupermarket_sign.js
shufflewzc_faker2_main/jd_jin_tie.js
shufflewzc_faker2_main/jd_jxgckc.js
shufflewzc_faker2_main/jd_jxlhb.js
shufflewzc_faker2_main/jd_m_sign.js
shufflewzc_faker2_main/jd_makemoneyshop_award.js
shufflewzc_faker2_main/jd_marketxxl.js
shufflewzc_faker2_main/jd_md.js
shufflewzc_faker2_main/jd_mofangj.js
shufflewzc_faker2_main/jd_opencard_fj.js
shufflewzc_faker2_main/jd_pp.js
shufflewzc_faker2_main/jd_pzhb_notify.py
shufflewzc_faker2_main/jd_qbyql.js
shufflewzc_faker2_main/jd_qqx.js
shufflewzc_faker2_main/jd_redRain.js
shufflewzc_faker2_main/jd_sgmh.js
shufflewzc_faker2_main/jd_shangou.js
shufflewzc_faker2_main/jd_sk2_draw.js
shufflewzc_faker2_main/jd_twcyz.js
shufflewzc_faker2_main/jd_twjk.js
shufflewzc_faker2_main/jd_wish.js
shufflewzc_faker2_main/jd_wsdlb.js
shufflewzc_faker2_main/jd_wxSecond.js
shufflewzc_faker2_main/jd_wzqddnh.js
shufflewzc_faker2_main/jd_xbh_exchange.js
shufflewzc_faker2_main/jd_yh.js
shufflewzc_faker2_main/jd_yy.js
shufflewzc_faker2_main/jd_yy_realme.js
shufflewzc_faker2_main/jd_zml.js
shufflewzc_faker2_main/jd_zmlyq.js
shufflewzc_faker2_main/jd_zqkk.js
shufflewzc_faker2_main/jd_zqybhd.js
shufflewzc_faker2_main/jx_festivalhb.js
shufflewzc_faker2_main/jx_sign_xd.js

开始尝试自动删除失效的定时任务...

检测到有新的定时任务：

shufflewzc_faker2_main/jd_lzkj_loreal_know.js
shufflewzc_faker2_main/jd_lzkj_loreal_lkFollowShop.js

开始尝试自动添加定时任务...

知识超人（超级无线） -> 添加成功
关注店铺有礼（超级无线） -> 添加成功

## 执行结束... 2023-10-07 00:01:00  耗时 60 秒
