## 开始执行... 2023-10-13 00:00:00

开始更新仓库：/ql/repo/shufflewzc_faker2_main

Fetching origin
HEAD is now at 413bd2e Update jd_zzhb1.js
Already up to date.

更新/ql/repo/shufflewzc_faker2_main成功...

检测到有失效的定时任务：

shufflewzc_faker2_main/jd_3cy.js
shufflewzc_faker2_main/jd_909.js
shufflewzc_faker2_main/jd_cash.js
shufflewzc_faker2_main/jd_club_lottery.js
shufflewzc_faker2_main/jd_cy.js
shufflewzc_faker2_main/jd_makemoneyshop.js
shufflewzc_faker2_main/jd_makemoneyshop_reward.js
shufflewzc_faker2_main/jd_pl.js
shufflewzc_faker2_main/jd_superBrandStar_.js
shufflewzc_faker2_main/jd_teamFLP.js
shufflewzc_faker2_main/jd_wxUnPackingActivity.js
shufflewzc_faker2_main/jd_xs_zzl.js
shufflewzc_faker2_main/jd_zzhb.js
shufflewzc_faker2_main/jx_factory_automation.js

开始尝试自动删除失效的定时任务...

检测到有新的定时任务：

shufflewzc_faker2_main/jd_zzhb1.js

开始尝试自动添加定时任务...

Jd转赚红包 -> 添加成功

## 执行结束... 2023-10-13 00:00:16  耗时 16 秒
