## 开始执行... 2023-03-26 11:50:00

开始更新仓库：/ql/repo/6dylan6_jdpro

Fetching origin
HEAD is now at 0d38c06 1
Updating 0d38c06..f5d4942
Fast-forward
 function/sendNotify.js |  399 +++++++++-----
 jd_bean_change.js      |    4 +-
 jd_dplh0322.js         |   27 +
 jd_dplh0325.js         |   27 +
 jd_dpsign.js           |    4 +-
 jd_fruit.js            |   40 +-
 jd_joy_run_reward.ts   |    4 +-
 jd_sharecode.sh        |    8 +-
 jd_speed_sign.js       | 1398 +++++++++++++++++++++++-------------------------
 jd_xfhsz.js            |   25 +
 jd_yyxp.js             |   14 +
 sendNotify.js          |  207 ++++++-
 12 files changed, 1237 insertions(+), 920 deletions(-)
 create mode 100644 jd_dplh0322.js
 create mode 100644 jd_dplh0325.js
 create mode 100644 jd_xfhsz.js
 create mode 100644 jd_yyxp.js

更新/ql/repo/6dylan6_jdpro成功...

检测到有新的定时任务：

6dylan6_jdpro/jd_dplh0322.js
6dylan6_jdpro/jd_dplh0325.js
6dylan6_jdpro/jd_xfhsz.js
6dylan6_jdpro/jd_yyxp.js

开始尝试自动添加定时任务...

大牌联合0322期 -> 添加成功
大牌联合0325期 -> 添加成功
3.25-3.28 新风唤神州 -> 添加成功
预约抽奖赢新品 -> 添加成功

## 执行结束... 2023-03-26 11:50:13  耗时 13 秒
