## 开始执行... 2023-02-12 00:08:17

开始克隆仓库 https://ghproxy.com/https://github.com/6dylan6/jdpro.git 到 /ql/repo/6dylan6_jdpro


更新/ql/repo/6dylan6_jdpro成功...

检测到有新的定时任务：

6dylan6_jdpro/jd_AJMH.js
6dylan6_jdpro/jd_AJYX.js
6dylan6_jdpro/jd_SuperBrandJXZ.js
6dylan6_jdpro/jd_TreasureRank.js
6dylan6_jdpro/jd_bean_change.js
6dylan6_jdpro/jd_bean_home.js
6dylan6_jdpro/jd_bean_info.js
6dylan6_jdpro/jd_bean_sign.js
6dylan6_jdpro/jd_beans_7days.py
6dylan6_jdpro/jd_beauty.js
6dylan6_jdpro/jd_car_play_exchange.js
6dylan6_jdpro/jd_cjhz.js
6dylan6_jdpro/jd_clean_car.js
6dylan6_jdpro/jd_club_lottery.js
6dylan6_jdpro/jd_code2url.js
6dylan6_jdpro/jd_comment.js
6dylan6_jdpro/jd_couponspace.js
6dylan6_jdpro/jd_ddly.js
6dylan6_jdpro/jd_dpsign.js
6dylan6_jdpro/jd_dwapp.js
6dylan6_jdpro/jd_fans.js
6dylan6_jdpro/jd_farm_automation.js
6dylan6_jdpro/jd_farm_del.js
6dylan6_jdpro/jd_farm_help.js
6dylan6_jdpro/jd_fcwb.py
6dylan6_jdpro/jd_fcwb_help.js
6dylan6_jdpro/jd_fen2bean.js
6dylan6_jdpro/jd_fruit.js
6dylan6_jdpro/jd_fuli.js
6dylan6_jdpro/jd_gold_creator.js
6dylan6_jdpro/jd_gwxj_v.js
6dylan6_jdpro/jd_half_redrain.js
6dylan6_jdpro/jd_hbCount.py
6dylan6_jdpro/jd_health.js
6dylan6_jdpro/jd_health_collect.js
6dylan6_jdpro/jd_health_exchange.py
6dylan6_jdpro/jd_insight.js
6dylan6_jdpro/jd_jdjoypark.js
6dylan6_jdpro/jd_jdzz.js
6dylan6_jdpro/jd_joy_feedPets.js
6dylan6_jdpro/jd_joy_run.js
6dylan6_jdpro/jd_joypark_task.js
6dylan6_jdpro/jd_jxmc.js
6dylan6_jdpro/jd_jxzl.js
6dylan6_jdpro/jd_kd.js
6dylan6_jdpro/jd_kuaid.js
6dylan6_jdpro/jd_makemoneyshop.js
6dylan6_jdpro/jd_makemoneyshop_getred.js
6dylan6_jdpro/jd_makemoneyshop_reward.js
6dylan6_jdpro/jd_marketxxl.js
6dylan6_jdpro/jd_mf_new.js
6dylan6_jdpro/jd_mfredrain.js
6dylan6_jdpro/jd_mhtask.js
6dylan6_jdpro/jd_morningSc.js
6dylan6_jdpro/jd_moxigame.js
6dylan6_jdpro/jd_mpdz_carv.js
6dylan6_jdpro/jd_necklace_6dy.js
6dylan6_jdpro/jd_opencard87.js
6dylan6_jdpro/jd_pay_contract.js
6dylan6_jdpro/jd_plantBean.js
6dylan6_jdpro/jd_pluscore.js
6dylan6_jdpro/jd_price.js
6dylan6_jdpro/jd_qqxing.js
6dylan6_jdpro/jd_sevenDay.js
6dylan6_jdpro/jd_sign_graphics1.js
6dylan6_jdpro/jd_speed_sign.js
6dylan6_jdpro/jd_speed_signfree.js
6dylan6_jdpro/jd_superBrandStar.js
6dylan6_jdpro/jd_superBrandZII.js
6dylan6_jdpro/jd_super_redrain.js
6dylan6_jdpro/jd_supermarket_dh.js
6dylan6_jdpro/jd_supermarket_task.js
6dylan6_jdpro/jd_syj.js
6dylan6_jdpro/jd_taskop.py
6dylan6_jdpro/jd_tj_signcash.js
6dylan6_jdpro/jd_try_2.0.js
6dylan6_jdpro/jd_try_notify.py
6dylan6_jdpro/jd_twjk_new.js
6dylan6_jdpro/jd_tyt_ck1.js
6dylan6_jdpro/jd_unsubscribe.js
6dylan6_jdpro/jd_vipgrowth.js
6dylan6_jdpro/jd_washbeans.js
6dylan6_jdpro/jd_wish.js
6dylan6_jdpro/jd_wrtred.js
6dylan6_jdpro/jd_wskey.py
6dylan6_jdpro/jd_wxSignRed.js
6dylan6_jdpro/jd_wxttzq.js
6dylan6_jdpro/jd_wyw.js
6dylan6_jdpro/jd_xinruimz.js
6dylan6_jdpro/jd_xm.js
6dylan6_jdpro/jd_xs_zzl.js
6dylan6_jdpro/jd_zjb.js
6dylan6_jdpro/jx_aid_cashback.js
6dylan6_jdpro/jx_one2shopping.js
6dylan6_jdpro/jx_sign.js

开始尝试自动添加定时任务...

2.1-2.28 安佳做任务开盲盒，赢好礼 -> 添加成功
2.1-2.28 安佳 邀新有礼 -> 添加成功
特务集勋章 -> 添加成功
京东宝藏榜 -> 添加成功
京东资产统计 -> 添加成功
领京豆额外奖励 -> 添加成功
京豆详情统计 -> 添加成功
京东多合一签到 -> 添加成功
豆子7天统计 -> 添加成功
美丽研究院 -> 添加成功
头文字J兑换 -> 添加成功
京东超级盒子 -> 添加成功
清空购物车 -> 添加成功
摇京豆 -> 添加成功
口令转链接 -> 添加成功
带图评价-加密 -> 添加成功
卷民空间站分红包 -> 添加成功
东东乐园 -> 添加成功
店铺签到 -> 添加成功
积分换话费 -> 添加成功
粉丝互动-加密 -> 添加成功
农场自动种植兑换 -> 添加成功
东东农场-删好友奖励 -> 添加成功
东东农场-助力 -> 添加成功
发财挖宝 -> 添加成功
发财挖宝助力-加密 -> 添加成功
物流积分换豆 -> 添加成功
东东农场-任务 -> 添加成功
粉丝福利 -> 添加成功
金榜创造营 -> 添加成功
购物抵现金20豆 -> 添加成功
半点京豆雨-加密 -> 添加成功
历史红包统计 -> 添加成功
东东健康社区 -> 添加成功
东东健康社区收集能量收集 -> 添加成功
健康社区兑换京豆 -> 添加成功
京洞察问卷通知 -> 添加成功
汪汪庄园 -> 添加成功
京东赚赚 -> 添加成功
宠汪汪喂食 -> 添加成功
汪汪赛跑-加密 -> 添加成功
汪汪乐园每日任务 -> 添加成功
惊喜牧场 -> 添加成功
京喜签到助力 -> 添加成功
京东快递签到 -> 添加成功
京东快递 -> 添加成功
特价版大赢家 -> 添加成功
大赢家兑50红包 -> 添加成功
赚钱大赢家提现 -> 添加成功
超市消消乐游戏 -> 添加成功
京东魔方-加密 -> 添加成功
魔方红包雨 -> 添加成功
盲盒任务抽京豆 -> 添加成功
生鲜早起打卡 -> 添加成功
东哥爱消除 -> 添加成功
头文字JJJ -> 添加成功
点点券-加密 -> 添加成功
2.6~2.14 喜乐元宵，欢聚好礼 -> 添加成功
关闭免密支付 -> 添加成功
京东种豆得豆 -> 添加成功
plus分查询 -> 添加成功
京东价保 -> 添加成功
伊利星系牧场 -> 添加成功
超级无线店铺签到 -> 添加成功
京东美妆签到 -> 添加成功
京东极速版 -> 添加成功
极速签到免单 -> 添加成功
特务之明星送好礼 -> 添加成功
特务Z-II -> 添加成功
整点京豆雨 -> 添加成功
京东超市兑换 -> 添加成功
京东超市任务 -> 添加成功
赚京豆 -> 添加成功
重复任务优化 -> 添加成功
特价版签到提现 -> 添加成功
京东试用 -> 添加成功
京东试用成功通知 -> 添加成功
特务集卡 -> 添加成功
推推赚大钱 -> 添加成功
批量取关店铺和商品 -> 添加成功
查看京享值权益 -> 添加成功
临期京豆换积分 -> 添加成功
众筹许愿池 -> 添加成功
万人团红包 -> 添加成功
wskey转换 -> 添加成功
微信签到红包-加密 -> 添加成功
天天来赚钱-加密 -> 添加成功
玩一玩成就值 -> 添加成功
美丽研究院-种植园 -> 添加成功
2.6-2.28 小米浏览商品赢大奖 -> 添加成功
京享周周乐 -> 添加成功
极速版赚金币邀请 -> 添加成功
京喜购物返红包助力 -> 添加成功
京喜一元兑好礼 -> 添加成功
京喜签到 -> 添加成功

## 执行结束... 2023-02-12 00:09:01  耗时 44 秒
