## 开始执行... 2023-03-01 11:50:00

开始更新仓库：/ql/repo/6dylan6_jdpro

Fetching origin
HEAD is now at 3ffb128 1
Updating 3ffb128..1ceae2b
Fast-forward
 jd_AJYX.js                 |  34 +++++++
 jd_makemoneyshop_getred.js | 240 ---------------------------------------------
 2 files changed, 34 insertions(+), 240 deletions(-)
 create mode 100644 jd_AJYX.js
 delete mode 100644 jd_makemoneyshop_getred.js

更新/ql/repo/6dylan6_jdpro成功...

检测到有失效的定时任务：

6dylan6_jdpro/jd_makemoneyshop_getred.js

开始尝试自动删除失效的定时任务...

检测到有新的定时任务：

6dylan6_jdpro/jd_AJYX.js

开始尝试自动添加定时任务...

安佳 邀新有礼 -> 添加成功

## 执行结束... 2023-03-01 11:50:09  耗时 9 秒
