## 开始执行... 2023-09-23 11:44:22

开始更新仓库：/ql/repo/RayWangQvQ_BiliBiliToolPro

Fetching origin
HEAD is now at 9c8739f Merge branch 'release/2.0.1'
Already up to date.

更新/ql/repo/RayWangQvQ_BiliBiliToolPro成功...

检测到有新的定时任务：

RayWangQvQ_BiliBiliToolPro/bili_task_base.sh
RayWangQvQ_BiliBiliToolPro/bili_task_daily.sh
RayWangQvQ_BiliBiliToolPro/bili_task_liveFansMedal.sh
RayWangQvQ_BiliBiliToolPro/bili_task_liveLottery.sh
RayWangQvQ_BiliBiliToolPro/bili_task_login.sh
RayWangQvQ_BiliBiliToolPro/bili_task_test.sh
RayWangQvQ_BiliBiliToolPro/bili_task_tryFix.sh
RayWangQvQ_BiliBiliToolPro/bili_task_unfollowBatched.sh
RayWangQvQ_BiliBiliToolPro/bili_task_vipBigPoint.sh

开始尝试自动添加定时任务...

bili_base -> 添加成功
bili每日任务 -> 添加成功
bili直播粉丝牌 -> 添加成功
bili天选时刻 -> 添加成功
bili扫码登录 -> 添加成功
bili测试ck -> 添加成功
bili尝试修复异常 -> 添加成功
bili批量取关主播 -> 添加成功
bili大会员大积分 -> 添加成功

## 执行结束... 2023-09-23 11:44:29  耗时 7 秒
