## 开始执行... 2023-11-02 00:08:06

开始克隆仓库 https://git.metauniverse-cn.com/https://github.com/shufflewzc/faker2.git 到 /ql/repo/shufflewzc_faker2_main


更新/ql/repo/shufflewzc_faker2_main成功...

检测到有失效的定时任务：

shufflewzc_faker2_main/jd_coupon2.js
shufflewzc_faker2_main/jd_cxj100help.js
shufflewzc_faker2_main/jd_cxj50help.js
shufflewzc_faker2_main/jd_malls.js
shufflewzc_faker2_main/jd_supermarket_dh.js
shufflewzc_faker2_main/jd_supermarket_exchange.js
shufflewzc_faker2_main/jd_supermarket_task.js
shufflewzc_faker2_main/jd_tj_cxjhelp.js
shufflewzc_faker2_main/jx_cxjhelp.js
shufflewzc_faker2_main/m_jd_wx_collectCard.js
shufflewzc_faker2_main/m_jd_wx_share.js
shufflewzc_faker2_main/m_jd_wx_team.js

开始尝试自动删除失效的定时任务...

检测到有新的定时任务：

shufflewzc_faker2_main/jd_OpenCard_Force.js
shufflewzc_faker2_main/jd_Redpacket.js
shufflewzc_faker2_main/jd_cxjhb1.js
shufflewzc_faker2_main/jd_dlgf.js
shufflewzc_faker2_main/jd_dongDongFarm_draw.js
shufflewzc_faker2_main/jd_dongDongFarm_help1.js
shufflewzc_faker2_main/jd_dongDongFarm_task.js
shufflewzc_faker2_main/jd_dplh1025.js
shufflewzc_faker2_main/jd_fruit_draw.js
shufflewzc_faker2_main/jd_jk11.js
shufflewzc_faker2_main/jd_lzkj_loreal_inviteFollowShop.js
shufflewzc_faker2_main/jd_mrhb_draw.js
shufflewzc_faker2_main/jd_opencard1024.js
shufflewzc_faker2_main/jd_opencard1028.js
shufflewzc_faker2_main/jd_wwpark_task.js
shufflewzc_faker2_main/jd_wxMcLevelAndBirthGifts.js
shufflewzc_faker2_main/jd_yhyhb1.js
shufflewzc_faker2_main/jd_zzhb_draw.js
shufflewzc_faker2_main/jx_cxj_draw.js

开始尝试自动添加定时任务...

入会开卡领取礼包 -> 添加成功
双十一红包 -> 添加成功
京喜特价幸运转盘 -> 添加成功
10.28-11.12 签到瓜分京豆 -> 添加成功
新东东农场幸运转盘 -> 添加成功
新东东农场助力 -> 添加成功
新东东农场任务 -> 添加成功
大牌1025 -> 添加成功
东东农场幸运转盘 -> 添加成功
10.24-11.11 联合集卡 双十一冲 -> 添加成功
邀请关注店铺有礼（超级无线） -> 添加成功
Jd每日红包_抽奖提现 -> 添加成功
10.24-10.31 预售来袭 多重好礼 -> 添加成功
10.27-11.17 嗨购狂欢节 惊喜享不停 -> 添加成功
汪汪乐园任务 -> 添加成功
生日礼包和会员等级礼包 -> 添加成功
Jd邀好友领红包 -> 添加成功
Jd转赚红包_抽奖提现 -> 添加成功
Jx特价抽现金_抽奖提现 -> 添加成功

## 执行结束... 2023-11-02 00:09:23  耗时 77 秒
