## 开始执行... 2023-04-05 11:21:24

开始更新仓库：/ql/repo/6dylan6_jdpro

Fetching origin
HEAD is now at 9470a56 1
Updating 9470a56..3383007
Fast-forward
 backUp/kill_ck.js                             |   6 +
 function/dylany.js                            |   2 +-
 jd_AJMH.js                                    |  12 +-
 jd_AJYX.js                                    |  14 +-
 jd_car_play_exchange.js => jd_car_exc.js      |   4 +-
 jd_cxjhelp.js                                 |  13 +
 jd_dplh0320.js                                |  27 --
 jd_dplh0320_2.js                              |  27 --
 jd_dplh0322.js                                |  27 --
 jd_dplh0401.js                                |  27 ++
 jd_dplh0403.js                                |  27 ++
 jd_dpsign.js                                  |   4 +-
 jd_fans.js                                    |  14 +-
 jd_joy_run_reward.ts                          | 135 +++----
 jd_mf_new.js                                  |  12 -
 jd_mpdz_car.js                                |  14 +
 jd_mpdz_carv.js                               | 501 --------------------------
 jd_qbyql.js                                   |  12 +-
 jd_sevenDay.js                                |  10 +-
 jd_sk2_draw.js                                |  12 +-
 jd_superBrandStar.js => jd_superBrandStar_.js |   2 +-
 jd_teamAJ.js                                  |  28 ++
 jd_twcyz.js                                   | 373 +++++++++++++++++++
 jd_xfhsz.js                                   |  25 --
 jd_yy.js                                      |  23 ++
 25 files changed, 624 insertions(+), 727 deletions(-)
 rename jd_car_play_exchange.js => jd_car_exc.js (99%)
 create mode 100644 jd_cxjhelp.js
 delete mode 100644 jd_dplh0320.js
 delete mode 100644 jd_dplh0320_2.js
 delete mode 100644 jd_dplh0322.js
 create mode 100644 jd_dplh0401.js
 create mode 100644 jd_dplh0403.js
 delete mode 100644 jd_mf_new.js
 create mode 100644 jd_mpdz_car.js
 delete mode 100644 jd_mpdz_carv.js
 rename jd_superBrandStar.js => jd_superBrandStar_.js (99%)
 create mode 100644 jd_teamAJ.js
 create mode 100644 jd_twcyz.js
 delete mode 100644 jd_xfhsz.js
 create mode 100644 jd_yy.js

更新/ql/repo/6dylan6_jdpro成功...

检测到有失效的定时任务：

6dylan6_jdpro/jd_car_play_exchange.js
6dylan6_jdpro/jd_dplh0320.js
6dylan6_jdpro/jd_dplh0320_2.js
6dylan6_jdpro/jd_dplh0322.js
6dylan6_jdpro/jd_mf_new.js
6dylan6_jdpro/jd_mpdz_carv.js
6dylan6_jdpro/jd_superBrandStar.js
6dylan6_jdpro/jd_xfhsz.js

开始尝试自动删除失效的定时任务...

检测到有新的定时任务：

6dylan6_jdpro/jd_car_exc.js
6dylan6_jdpro/jd_cxjhelp.js
6dylan6_jdpro/jd_dplh0401.js
6dylan6_jdpro/jd_dplh0403.js
6dylan6_jdpro/jd_mpdz_car.js
6dylan6_jdpro/jd_superBrandStar_.js
6dylan6_jdpro/jd_teamAJ.js
6dylan6_jdpro/jd_twcyz.js
6dylan6_jdpro/jd_yy.js

开始尝试自动添加定时任务...

头文字J兑换 -> 添加成功
京喜特价抽现金 -> 添加成功
大牌联合0401期 -> 添加成功
大牌联合0403期 -> 添加成功
头文字JJJ -> 添加成功
特务之明星送好礼 -> 添加成功
安佳组队分豆 -> 添加成功
特务春意值抽奖 -> 添加成功
3.24-4.20 预约赢新机 -> 添加成功

## 执行结束... 2023-04-05 11:21:59  耗时 35 秒
