## 开始执行... 2023-03-08 19:50:00

开始更新仓库：/ql/repo/6dylan6_jdpro

Fetching origin
HEAD is now at 0742295 1
Updating 0742295..0d811f0
Fast-forward
 jd_gwxj_v.js        |  7 -------
 jd_jdzz_exchange.js | 19 +++++++++++++++++++
 jd_necklace_6dy.js  | 10 ----------
 jd_syj.js           | 16 ----------------
 4 files changed, 19 insertions(+), 33 deletions(-)
 delete mode 100644 jd_gwxj_v.js
 create mode 100644 jd_jdzz_exchange.js
 delete mode 100644 jd_necklace_6dy.js
 delete mode 100644 jd_syj.js

更新/ql/repo/6dylan6_jdpro成功...

检测到有失效的定时任务：

6dylan6_jdpro/jd_gwxj_v.js
6dylan6_jdpro/jd_necklace_6dy.js
6dylan6_jdpro/jd_syj.js

开始尝试自动删除失效的定时任务...

检测到有新的定时任务：

6dylan6_jdpro/jd_jdzz_exchange.js

开始尝试自动添加定时任务...

京东赚赚兑换 -> 添加成功

## 执行结束... 2023-03-08 19:50:12  耗时 12 秒
