## 开始执行... 2023-02-28 21:50:00

开始更新仓库：/ql/repo/6dylan6_jdpro

Fetching origin
HEAD is now at f7698fe 1
Updating f7698fe..b2287c9
Fast-forward
 jd_AJMH.js         |  24 ----
 jd_AJYX.js         |  36 ------
 jd_gold_creator.js | 335 -----------------------------------------------------
 jd_xm.js           |  14 ---
 4 files changed, 409 deletions(-)
 delete mode 100644 jd_AJMH.js
 delete mode 100644 jd_AJYX.js
 delete mode 100644 jd_gold_creator.js
 delete mode 100644 jd_xm.js

更新/ql/repo/6dylan6_jdpro成功...

检测到有失效的定时任务：

6dylan6_jdpro/jd_AJMH.js
6dylan6_jdpro/jd_AJYX.js
6dylan6_jdpro/jd_gold_creator.js
6dylan6_jdpro/jd_xm.js

开始尝试自动删除失效的定时任务...


## 执行结束... 2023-02-28 21:50:10  耗时 10 秒
