## 开始执行... 2023-04-11 21:52:45

开始更新仓库：/ql/repo/6dylan6_jdpro

Fetching origin
HEAD is now at ff34c3d 1
Updating ff34c3d..f888f4d
Fast-forward
 jd_dplh0411.js      | 27 +++++++++++++++++++++++++++
 jd_makemoneyshop.js | 18 ------------------
 jd_wish.js          |  4 ++--
 jx_one2shopping.js  | 10 ----------
 4 files changed, 29 insertions(+), 30 deletions(-)
 create mode 100644 jd_dplh0411.js
 delete mode 100644 jd_makemoneyshop.js
 delete mode 100644 jx_one2shopping.js

更新/ql/repo/6dylan6_jdpro成功...

检测到有失效的定时任务：

6dylan6_jdpro/jd_makemoneyshop.js
6dylan6_jdpro/jx_one2shopping.js

开始尝试自动删除失效的定时任务...

检测到有新的定时任务：

6dylan6_jdpro/jd_dplh0411.js

开始尝试自动添加定时任务...

大牌联合0411期 -> 添加成功

## 执行结束... 2023-04-11 21:53:12  耗时 27 秒
