## 开始执行... 2023-03-20 13:50:11

开始更新仓库：/ql/repo/6dylan6_jdpro

Fetching origin
HEAD is now at 3516a26 1
Updating 3516a26..ada4b93
Fast-forward
 jd_dplh0320.js       | 27 +++++++++++++++++++++++++++
 jd_dplh0320_2.js     | 27 +++++++++++++++++++++++++++
 jd_supermarket_dh.js | 19 -------------------
 3 files changed, 54 insertions(+), 19 deletions(-)
 create mode 100644 jd_dplh0320.js
 create mode 100644 jd_dplh0320_2.js
 delete mode 100644 jd_supermarket_dh.js

更新/ql/repo/6dylan6_jdpro成功...

检测到有失效的定时任务：

6dylan6_jdpro/jd_supermarket_dh.js

开始尝试自动删除失效的定时任务...

检测到有新的定时任务：

6dylan6_jdpro/jd_dplh0320.js
6dylan6_jdpro/jd_dplh0320_2.js

开始尝试自动添加定时任务...

大牌联合0320期 -> 添加成功
大牌联合0320期2号 -> 添加成功

## 执行结束... 2023-03-20 13:50:19  耗时 8 秒
