## 开始执行... 2023-04-14 09:50:04

开始更新仓库：/ql/repo/6dylan6_jdpro

Fetching origin
HEAD is now at 6ae85e1 1
Updating 6ae85e1..02d3520
Fast-forward
 jd_dplh0408.js | 27 ---------------------------
 jd_dplh0414.js | 29 +++++++++++++++++++++++++++++
 2 files changed, 29 insertions(+), 27 deletions(-)
 delete mode 100644 jd_dplh0408.js
 create mode 100644 jd_dplh0414.js

更新/ql/repo/6dylan6_jdpro成功...

检测到有失效的定时任务：

6dylan6_jdpro/jd_dplh0408.js

开始尝试自动删除失效的定时任务...

检测到有新的定时任务：

6dylan6_jdpro/jd_dplh0414.js

开始尝试自动添加定时任务...

大牌联合0414期 -> 添加成功

## 执行结束... 2023-04-14 09:50:20  耗时 16 秒
