## 开始执行... 2023-09-23 11:56:48

开始克隆仓库 https://git.metauniverse-cn.com/https://github.com/shufflewzc/faker2.git 到 /ql/repo/shufflewzc_faker2_main


更新/ql/repo/shufflewzc_faker2_main成功...

检测到有新的定时任务：

shufflewzc_faker2_main/jd_jxlhb.js
shufflewzc_faker2_main/jdCookie.js
shufflewzc_faker2_main/jdCookie.py
shufflewzc_faker2_main/jd_909.js
shufflewzc_faker2_main/jd_CheckCK.js
shufflewzc_faker2_main/jd_CkSeq.js
shufflewzc_faker2_main/jd_DailyBonus_Mod.js
shufflewzc_faker2_main/jd_UpdateUIDtoRemark.js
shufflewzc_faker2_main/jd_a2.js
shufflewzc_faker2_main/jd_aliyunautoSignin.js
shufflewzc_faker2_main/jd_beanSign.js
shufflewzc_faker2_main/jd_bean_change.js
shufflewzc_faker2_main/jd_bean_home.js
shufflewzc_faker2_main/jd_bean_info.js
shufflewzc_faker2_main/jd_bean_sign.js
shufflewzc_faker2_main/jd_beans_7days.py
shufflewzc_faker2_main/jd_beauty.js
shufflewzc_faker2_main/jd_beauty_ex.js
shufflewzc_faker2_main/jd_beauty_plant.py
shufflewzc_faker2_main/jd_blackHome.js
shufflewzc_faker2_main/jd_captian.js
shufflewzc_faker2_main/jd_car.js
shufflewzc_faker2_main/jd_car_exc.js
shufflewzc_faker2_main/jd_car_play_exchange.js
shufflewzc_faker2_main/jd_card_force.js
shufflewzc_faker2_main/jd_cash.js
shufflewzc_faker2_main/jd_cashsign.js
shufflewzc_faker2_main/jd_cashtored.js
shufflewzc_faker2_main/jd_check_dependent.py
shufflewzc_faker2_main/jd_cjhy_completeInfoActivity.js
shufflewzc_faker2_main/jd_cjhy_daily.js
shufflewzc_faker2_main/jd_cjhy_sevenDay.js
shufflewzc_faker2_main/jd_cjhy_signActivity.js
shufflewzc_faker2_main/jd_cjhy_wxCollectionActivity.js
shufflewzc_faker2_main/jd_cjhy_wxDrawActivity.js
shufflewzc_faker2_main/jd_cjhy_wxGameActivity.js
shufflewzc_faker2_main/jd_cjhy_wxKnowledgeActivity.js
shufflewzc_faker2_main/jd_cjhy_wxMcLevelAndBirthGifts.js
shufflewzc_faker2_main/jd_cjhy_wxShopFollowActivity.js
shufflewzc_faker2_main/jd_cjhy_wxShopGift.js
shufflewzc_faker2_main/jd_cjhydz_microDz.js
shufflewzc_faker2_main/jd_cjhydz_wxTeam.js
shufflewzc_faker2_main/jd_cleancartAll_nolan.js
shufflewzc_faker2_main/jd_cleancart_nolan.js
shufflewzc_faker2_main/jd_club_lottery.js
shufflewzc_faker2_main/jd_comment.js
shufflewzc_faker2_main/jd_completeInfoActivity.js
shufflewzc_faker2_main/jd_coupon.js
shufflewzc_faker2_main/jd_coupon2.js
shufflewzc_faker2_main/jd_cxj100help.js
shufflewzc_faker2_main/jd_cxj50help.js
shufflewzc_faker2_main/jd_cxjhelp.js
shufflewzc_faker2_main/jd_cxjhelp_draw.js
shufflewzc_faker2_main/jd_cxxb_award.js
shufflewzc_faker2_main/jd_dadoudou.js
shufflewzc_faker2_main/jd_daily.js
shufflewzc_faker2_main/jd_dd_follow_cc.js
shufflewzc_faker2_main/jd_ddly.js
shufflewzc_faker2_main/jd_delCoupon.js
shufflewzc_faker2_main/jd_doTreasureRank.py
shufflewzc_faker2_main/jd_dpcj.py
shufflewzc_faker2_main/jd_dpqd.js
shufflewzc_faker2_main/jd_dpqd_dsb.js
shufflewzc_faker2_main/jd_dpsign.js
shufflewzc_faker2_main/jd_drawCenter.js
shufflewzc_faker2_main/jd_drawShopGift.js
shufflewzc_faker2_main/jd_dreamFactory.js
shufflewzc_faker2_main/jd_dreamFactory_help.js
shufflewzc_faker2_main/jd_dreamFactory_tuan.js
shufflewzc_faker2_main/jd_dwapp.js
shufflewzc_faker2_main/jd_dygetbeans.js
shufflewzc_faker2_main/jd_dzz.js
shufflewzc_faker2_main/jd_fansDraw.js
shufflewzc_faker2_main/jd_fans_fansactiveall.js
shufflewzc_faker2_main/jd_fans_videofangrowth.js
shufflewzc_faker2_main/jd_farautomation.js
shufflewzc_faker2_main/jd_farm_automation.js
shufflewzc_faker2_main/jd_fcwb_help.js
shufflewzc_faker2_main/jd_fen2bean.js
shufflewzc_faker2_main/jd_follow.js
shufflewzc_faker2_main/jd_follow_shop.js
shufflewzc_faker2_main/jd_fruit_friend.js
shufflewzc_faker2_main/jd_fruit_help.js
shufflewzc_faker2_main/jd_fruit_task.js
shufflewzc_faker2_main/jd_fruit_watering.js
shufflewzc_faker2_main/jd_gacj.js
shufflewzc_faker2_main/jd_gehugame.js
shufflewzc_faker2_main/jd_get_share_code.js
shufflewzc_faker2_main/jd_gua_MMdou_Mod.js
shufflewzc_faker2_main/jd_gwfd.js
shufflewzc_faker2_main/jd_hcredrain.js
shufflewzc_faker2_main/jd_hdcheck.js
shufflewzc_faker2_main/jd_health.js
shufflewzc_faker2_main/jd_health_collect.js
shufflewzc_faker2_main/jd_health_help.js
shufflewzc_faker2_main/jd_health_plant.py
shufflewzc_faker2_main/jd_identical.py
shufflewzc_faker2_main/jd_identical211.py
shufflewzc_faker2_main/jd_identicaln214.py
shufflewzc_faker2_main/jd_indeps.sh
shufflewzc_faker2_main/jd_insight.js
shufflewzc_faker2_main/jd_insight_Mod.js
shufflewzc_faker2_main/jd_inviteFriendsGift.py
shufflewzc_faker2_main/jd_jdfactory.js
shufflewzc_faker2_main/jd_jdfactory_help.js
shufflewzc_faker2_main/jd_jdjoypark.js
shufflewzc_faker2_main/jd_jdkd1.js
shufflewzc_faker2_main/jd_jdsupermarket_sign.js
shufflewzc_faker2_main/jd_jdzz_dh.js
shufflewzc_faker2_main/jd_jin_tie.js
shufflewzc_faker2_main/jd_jingBeanReceive.py
shufflewzc_faker2_main/jd_jinggengInvite.py
shufflewzc_faker2_main/jd_jj_wwly.js
shufflewzc_faker2_main/jd_jj_wwly_help.js
shufflewzc_faker2_main/jd_joinCommon_opencard.py
shufflewzc_faker2_main/jd_joy_feedPets.js
shufflewzc_faker2_main/jd_joy_park_run.js
shufflewzc_faker2_main/jd_joy_park_run.ts
shufflewzc_faker2_main/jd_joy_run.js
shufflewzc_faker2_main/jd_joy_run_reward.ts
shufflewzc_faker2_main/jd_joy_withdraw.js
shufflewzc_faker2_main/jd_joyjd_open.js
shufflewzc_faker2_main/jd_joymatch.js
shufflewzc_faker2_main/jd_joyopen.js
shufflewzc_faker2_main/jd_joypark_synthesis.js
shufflewzc_faker2_main/jd_joypark_task.js
shufflewzc_faker2_main/jd_joyrunred.js
shufflewzc_faker2_main/jd_jr_draws.js
shufflewzc_faker2_main/jd_jrsign.js
shufflewzc_faker2_main/jd_js_cash.js
shufflewzc_faker2_main/jd_jxgckc.js
shufflewzc_faker2_main/jd_jxmc.js
shufflewzc_faker2_main/jd_jxzl.js
shufflewzc_faker2_main/jd_kill_ck.js
shufflewzc_faker2_main/jd_live.js
shufflewzc_faker2_main/jd_loreal_interact_ljqdysl.js
shufflewzc_faker2_main/jd_lottery.js
shufflewzc_faker2_main/jd_lottery_eight.js
shufflewzc_faker2_main/jd_lotterys.js
shufflewzc_faker2_main/jd_luck_draw.js
shufflewzc_faker2_main/jd_lzaddCart.js
shufflewzc_faker2_main/jd_lzdz_categoryUnion.js
shufflewzc_faker2_main/jd_lzkjInteract.py
shufflewzc_faker2_main/jd_lzkj_daily.js
shufflewzc_faker2_main/jd_lzkj_interact_yqrhyl.js
shufflewzc_faker2_main/jd_lzkj_interactsaas_gzspyl.js
shufflewzc_faker2_main/jd_lzkj_interactsaas_gzyl.js
shufflewzc_faker2_main/jd_lzkj_interactsaas_jgyl.js
shufflewzc_faker2_main/jd_lzkj_interactsaas_qrqd.js
shufflewzc_faker2_main/jd_lzkj_interactsaas_rlqd.js
shufflewzc_faker2_main/jd_lzkj_interactsaas_yqhyrh.js
shufflewzc_faker2_main/jd_lzkj_loreal_draw.js
shufflewzc_faker2_main/jd_lzkj_loreal_perfectInfo.js
shufflewzc_faker2_main/jd_lzkj_loreal_share.js
shufflewzc_faker2_main/jd_lzkj_sevenDay.js
shufflewzc_faker2_main/jd_lzkj_signActivity2.js
shufflewzc_faker2_main/jd_lzkj_wxBuildActivity.js
shufflewzc_faker2_main/jd_lzkj_wxCollectionActivity.js
shufflewzc_faker2_main/jd_lzkj_wxDrawActivity.js
shufflewzc_faker2_main/jd_lzkj_wxGameActivity.js
shufflewzc_faker2_main/jd_lzkj_wxKnowledgeActivity.js
shufflewzc_faker2_main/jd_lzkj_wxShopFollowActivity.js
shufflewzc_faker2_main/jd_lzkj_wxShopGift.js
shufflewzc_faker2_main/jd_lzkjdz.js
shufflewzc_faker2_main/jd_lzkjdz_wxTeam.js
shufflewzc_faker2_main/jd_m_sign.js
shufflewzc_faker2_main/jd_makemoneyshop.js
shufflewzc_faker2_main/jd_makemoneyshop_award.js
shufflewzc_faker2_main/jd_makemoneyshop_getred.js
shufflewzc_faker2_main/jd_makemoneyshop_reward.js
shufflewzc_faker2_main/jd_malls.js
shufflewzc_faker2_main/jd_marketmh.js
shufflewzc_faker2_main/jd_marketxxl.js
shufflewzc_faker2_main/jd_md.js
shufflewzc_faker2_main/jd_mf_new.js
shufflewzc_faker2_main/jd_mfredrain.js
shufflewzc_faker2_main/jd_mofang_ex.js
shufflewzc_faker2_main/jd_mofangj.js
shufflewzc_faker2_main/jd_morningSc.js
shufflewzc_faker2_main/jd_mpdz_car.js
shufflewzc_faker2_main/jd_mpdz_car_help.js
shufflewzc_faker2_main/jd_mpdz_carv.js
shufflewzc_faker2_main/jd_necklace_6dy.js
shufflewzc_faker2_main/jd_notify.js
shufflewzc_faker2_main/jd_openLuckBag.js
shufflewzc_faker2_main/jd_opencard_fj.js
shufflewzc_faker2_main/jd_pdkh.js
shufflewzc_faker2_main/jd_petred.js
shufflewzc_faker2_main/jd_pigPet.js
shufflewzc_faker2_main/jd_pl.js
shufflewzc_faker2_main/jd_plantBean.js
shufflewzc_faker2_main/jd_plantBean_help.js
shufflewzc_faker2_main/jd_plus2bean.js
shufflewzc_faker2_main/jd_pluscore.js
shufflewzc_faker2_main/jd_pp.js
shufflewzc_faker2_main/jd_ppdt.js
shufflewzc_faker2_main/jd_price.js
shufflewzc_faker2_main/jd_prices.js
shufflewzc_faker2_main/jd_prodev.js
shufflewzc_faker2_main/jd_pullfix.py
shufflewzc_faker2_main/jd_pzhb_notify.py
shufflewzc_faker2_main/jd_qbyql.js
shufflewzc_faker2_main/jd_ql_log_scan.py
shufflewzc_faker2_main/jd_qqx.js
shufflewzc_faker2_main/jd_qqxing.js
shufflewzc_faker2_main/jd_qy.js
shufflewzc_faker2_main/jd_redRain.js
shufflewzc_faker2_main/jd_scripts_check_dependence.py
shufflewzc_faker2_main/jd_sevenDay.js
shufflewzc_faker2_main/jd_sgmh.js
shufflewzc_faker2_main/jd_shangou.js
shufflewzc_faker2_main/jd_share.js
shufflewzc_faker2_main/jd_share2.js
shufflewzc_faker2_main/jd_shop.js
shufflewzc_faker2_main/jd_shopCollectGift.py
shufflewzc_faker2_main/jd_shopDraw.js
shufflewzc_faker2_main/jd_shopGifts.js
shufflewzc_faker2_main/jd_shopLeague_opencard.py
shufflewzc_faker2_main/jd_shopSign.js
shufflewzc_faker2_main/jd_shop_draw.js
shufflewzc_faker2_main/jd_signFree.js
shufflewzc_faker2_main/jd_sign_graphics.js
shufflewzc_faker2_main/jd_sign_graphics1.js
shufflewzc_faker2_main/jd_signbeanact.js
shufflewzc_faker2_main/jd_sk2_draw.js
shufflewzc_faker2_main/jd_speed_redpocke.js
shufflewzc_faker2_main/jd_speed_sign.js
shufflewzc_faker2_main/jd_speed_signfree.js
shufflewzc_faker2_main/jd_speedtx.js
shufflewzc_faker2_main/jd_superBrandStar_.js
shufflewzc_faker2_main/jd_supergz.js
shufflewzc_faker2_main/jd_supermarket.js
shufflewzc_faker2_main/jd_supermarket_dh.js
shufflewzc_faker2_main/jd_supermarket_ex.js
shufflewzc_faker2_main/jd_supermarket_exchange.js
shufflewzc_faker2_main/jd_supermarket_task.js
shufflewzc_faker2_main/jd_supermohe.js
shufflewzc_faker2_main/jd_syj.js
shufflewzc_faker2_main/jd_team60.js
shufflewzc_faker2_main/jd_teamFLP.js
shufflewzc_faker2_main/jd_tenbean.js
shufflewzc_faker2_main/jd_tj_cxjhelp.js
shufflewzc_faker2_main/jd_tj_nnly.js
shufflewzc_faker2_main/jd_tj_nnly_help.js
shufflewzc_faker2_main/jd_tj_sign.js
shufflewzc_faker2_main/jd_tmplottery.js
shufflewzc_faker2_main/jd_try.js
shufflewzc_faker2_main/jd_try_notify.js
shufflewzc_faker2_main/jd_try_notify.py
shufflewzc_faker2_main/jd_ttlhb.js
shufflewzc_faker2_main/jd_twcyz.js
shufflewzc_faker2_main/jd_twjk.js
shufflewzc_faker2_main/jd_txgzyl.js
shufflewzc_faker2_main/jd_txgzyl1.js
shufflewzc_faker2_main/jd_txtotal.js
shufflewzc_faker2_main/jd_txzj_cart_item.js
shufflewzc_faker2_main/jd_txzj_collect_item.js
shufflewzc_faker2_main/jd_txzj_lottery.js
shufflewzc_faker2_main/jd_txzj_sign_in.js
shufflewzc_faker2_main/jd_unFollow.js
shufflewzc_faker2_main/jd_unbind.js
shufflewzc_faker2_main/jd_unsubscriLive.js
shufflewzc_faker2_main/jd_unsubscribe.js
shufflewzc_faker2_main/jd_unsubscribeShop.js
shufflewzc_faker2_main/jd_vipgrowth.js
shufflewzc_faker2_main/jd_washbeans.js
shufflewzc_faker2_main/jd_wdz.py
shufflewzc_faker2_main/jd_wdzfd.js
shufflewzc_faker2_main/jd_wechat_zz.ts
shufflewzc_faker2_main/jd_whx_drawShopGift.js
shufflewzc_faker2_main/jd_wish.js
shufflewzc_faker2_main/jd_work_price.js
shufflewzc_faker2_main/jd_wq_wxsign.js
shufflewzc_faker2_main/jd_wrtred.js
shufflewzc_faker2_main/jd_wsck.py
shufflewzc_faker2_main/jd_wsdlb.js
shufflewzc_faker2_main/jd_wskey.py
shufflewzc_faker2_main/jd_wskey_logout.js
shufflewzc_faker2_main/jd_wwmanor_merge.js
shufflewzc_faker2_main/jd_wwpark_merge.js
shufflewzc_faker2_main/jd_wwzy.js
shufflewzc_faker2_main/jd_wwzy_help.js
shufflewzc_faker2_main/jd_wxBirthGifts.py
shufflewzc_faker2_main/jd_wxBulidActivity.py
shufflewzc_faker2_main/jd_wxCartKoi.js
shufflewzc_faker2_main/jd_wxCollectCard.js
shufflewzc_faker2_main/jd_wxCollectionActivity.js
shufflewzc_faker2_main/jd_wxCollectionActivity.py
shufflewzc_faker2_main/jd_wxCollectionActivity2.js
shufflewzc_faker2_main/jd_wxCompleteInfo.py
shufflewzc_faker2_main/jd_wxFansInterActionActivity.js
shufflewzc_faker2_main/jd_wxFansinter.js
shufflewzc_faker2_main/jd_wxSecond.js
shufflewzc_faker2_main/jd_wxShareActivity.js
shufflewzc_faker2_main/jd_wxShopFollow.py
shufflewzc_faker2_main/jd_wxShopFollowActivity.js
shufflewzc_faker2_main/jd_wxShopGift.py
shufflewzc_faker2_main/jd_wxSignRed.js
shufflewzc_faker2_main/jd_wxTeam.js
shufflewzc_faker2_main/jd_wxUnPackingActivity.js
shufflewzc_faker2_main/jd_wxgame.js
shufflewzc_faker2_main/jd_wxttzq.js
shufflewzc_faker2_main/jd_wyw.js
shufflewzc_faker2_main/jd_wzqddnh.js
shufflewzc_faker2_main/jd_xbh_exchange.js
shufflewzc_faker2_main/jd_xbhdl.js
shufflewzc_faker2_main/jd_xinruimz.js
shufflewzc_faker2_main/jd_xm.js
shufflewzc_faker2_main/jd_xm_draw.js
shufflewzc_faker2_main/jd_xmf.js
shufflewzc_faker2_main/jd_xs_zzl.js
shufflewzc_faker2_main/jd_yh.js
shufflewzc_faker2_main/jd_yqlxj.js
shufflewzc_faker2_main/jd_yqs.js
shufflewzc_faker2_main/jd_yy.js
shufflewzc_faker2_main/jd_yy_realme.js
shufflewzc_faker2_main/jd_zjd_new.js
shufflewzc_faker2_main/jd_zml.js
shufflewzc_faker2_main/jd_zmlyq.js
shufflewzc_faker2_main/jd_zqybhd.js
shufflewzc_faker2_main/jd_zzhb.js
shufflewzc_faker2_main/jd_zzhbhelp.js
shufflewzc_faker2_main/jx_aid_cashback.js
shufflewzc_faker2_main/jx_cxjhelp.js
shufflewzc_faker2_main/jx_factory_automation.js
shufflewzc_faker2_main/jx_factory_commodity.js
shufflewzc_faker2_main/jx_festivalhb.js
shufflewzc_faker2_main/jx_joypark_task.js
shufflewzc_faker2_main/jx_niuniu_merge.js
shufflewzc_faker2_main/jx_one2shopping.js
shufflewzc_faker2_main/jx_sign_xd.js
shufflewzc_faker2_main/m_jd_wx_collectCard.js
shufflewzc_faker2_main/m_jd_wx_share.js
shufflewzc_faker2_main/m_jd_wx_team.js
shufflewzc_faker2_main/jdCookie.py
shufflewzc_faker2_main/jd_appopen.js
shufflewzc_faker2_main/jd_joy_getInvokeKey.ts
shufflewzc_faker2_main/jd_joy_validate.js
shufflewzc_faker2_main/jd_jxmcToken.js
shufflewzc_faker2_main/jd_zjd_tool.js

开始尝试自动添加定时任务...

京喜领88元红包 -> 添加成功
jdCookie.js -> 添加成功
jdCookie.py -> 添加成功
909 -> 添加成功
京东CK检测 -> 添加成功
CK顺序调试工具 -> 添加成功
jd_DailyBonus_Mod.js -> 添加成功
WxPusherUid迁移工具 -> 添加成功
6.1-6.30 a2集成长值赢千元礼包 -> 添加成功
jd_aliyunautoSignin.js -> 添加成功
领京豆签到 -> 添加成功
京东资产统计 -> 添加成功
领京豆升级任务 -> 添加成功
京豆详情统计 -> 添加成功
多合一签到 -> 添加成功
豆子7天统计 -> 添加成功
美丽研究院 -> 添加成功
美丽研究院--兑换 -> 添加成功
化妆馆-种植园自动任务 -> 添加成功
黑号检测 -> 添加成功
组队通用瓜分 -> 添加成功
汽车邀新100豆 -> 添加成功
头文字J兑换 -> 添加成功
头文字J兑换 -> 添加成功
入会开卡领取礼包 -> 添加成功
签到领现金 -> 添加成功
领现金签到 -> 添加成功
领现金兑换红包 -> 添加成功
Faker库依赖一键安装 -> 添加成功
cjhy完善信息 -> 添加成功
cjhy每日抢 -> 添加成功
cjhy七日签到 -> 添加成功
cjhy签到有礼 -> 添加成功
cjhy加购物车抽奖 -> 添加成功
cjhy幸运抽奖 -> 添加成功
cjhy游戏活动 -> 添加成功
cjhy知识超人 -> 添加成功
cjhy会员等级与生日礼 -> 添加成功
cjhy关注店铺有礼 -> 添加成功
cjhy店铺礼包 -> 添加成功
微定制 -> 添加成功
cj组队瓜分 -> 添加成功
清空购物车-nolan版 -> 添加成功
清空购物车-Sign版 -> 添加成功
摇京豆 -> 添加成功
带图评价 -> 添加成功
完善信息有礼（超级会员） -> 添加成功
优惠劵领卷 -> 添加成功
优惠劵领卷2 -> 添加成功
JD抽现金100 -> 添加成功
JD抽现金50 -> 添加成功
京喜特价抽现金 -> 添加成功
抽现金抽奖提现 -> 添加成功
穿行组队奖励领取 -> 添加成功
unctio -> 添加成功
每日抢好礼（超级无线/超级会员） -> 添加成功
关注有礼 -> 添加成功
东东乐园 -> 添加成功
删除优惠券 -> 添加成功
京东宝藏榜 -> 添加成功
店铺抽奖-JK -> 添加成功
常规店铺签到 -> 添加成功
店铺签到-并发 -> 添加成功
店铺签到 -> 添加成功
店铺抽奖-刮刮乐 -> 添加成功
店铺关注有礼 -> 添加成功
京喜工厂 -> 添加成功
京喜工厂招工互助 -> 添加成功
京喜工厂开团 -> 添加成功
积分换话费 -> 添加成功
每日抽豆 -> 添加成功
宿舍大作战 -> 添加成功
粉丝福利红包 -> 添加成功
粉丝福利红包 -> 添加成功
粉丝福利videofangrowth -> 添加成功
M农场自动化 -> 添加成功
农场自动种植兑换 -> 添加成功
发财挖宝助力 -> 添加成功
物流积分换豆 -> 添加成功
关注有礼-加密 -> 添加成功
M关注有礼 -> 添加成功
东东农场好友删减奖励 -> 添加成功
东东农场助力池版 -> 添加成功
东东农场日常任务 -> 添加成功
东东农场快速浇水 -> 添加成功
国安抽奖 -> 添加成功
个护爱消除-手动执行 -> 添加成功
获取互助码 -> 添加成功
MM领京豆 -> 添加成功
购物返豆领取 -> 添加成功
会场红包雨 -> 添加成功
互动消息检查 -> 添加成功
东东健康社区 -> 添加成功
东东健康社区收集能量收集 -> 添加成功
东东健康社区内部互助 -> 添加成功
京东健康社区-种植园自动任务 -> 添加成功
禁用重复任务 -> 添加成功
禁用重复任务青龙2.11版本 -> 添加成功
禁用重复任务青龙2.14版本 -> 添加成功
Faker库脚本依赖安装 -> 添加成功
京东调研问卷 -> 添加成功
京洞察问卷通知 -> 添加成功
邀好友赢大礼 -> 添加成功
东东工厂 -> 添加成功
东东工厂内部互助 -> 添加成功
汪汪庄园 -> 添加成功
京东快递 -> 添加成功
京东超市超新星计划-签到 -> 添加成功
京东赚赚兑换 -> 添加成功
领金贴 -> 添加成功
plus专属礼-天天领福利 -> 添加成功
jinggeng邀请入会有礼 -> 添加成功
京东极简版-汪汪乐园 -> 添加成功
京东极简版-汪汪乐园助力 -> 添加成功
通用开卡-joinCommon系列 -> 添加成功
宠汪汪喂食 -> 添加成功
汪汪乐园赛跑 -> 添加成功
极速版汪汪赛跑 -> 添加成功
汪汪赛跑-加密 -> 添加成功
汪汪赛跑提现 -> 添加成功
汪汪乐园提现 -> 添加成功
JoyJd任务脚本 -> 添加成功
宠汪汪-双人赛 -> 添加成功
joyjd通用开卡 -> 添加成功
汪汪乐园合成 -> 添加成功
汪汪庄园任务 -> 添加成功
赛跑兑10红包 -> 添加成功
京东金融每周领取权益活动 -> 添加成功
金融签到 -> 添加成功
极速版签到提现 -> 添加成功
京喜工厂商品列表详情 -> 添加成功
京喜牧场 -> 添加成功
京喜签到助力 -> 添加成功
作废CK-手动执行 -> 添加成功
京东直播 -> 添加成功
loreal_interact签到 -> 添加成功
JD抽奖机 -> 添加成功
每日抽8豆 -> 添加成功
joy抽奖机通用 -> 添加成功
店铺抽奖（超级无线/超级会员） -> 添加成功
LZ加购有礼通用活动 -> 添加成功
品类联合-通用脚本 -> 添加成功
jd_lzkjInteract邀请有礼 -> 添加成功
lzkj每日抢 -> 添加成功
lzkj邀请入会有礼 -> 添加成功
lzkj_interactsaas关注商品有礼 -> 添加成功
lzkj_interactsaas关注店铺有礼 -> 添加成功
lzkj_interactsaas加购有礼 -> 添加成功
lzkj_interactsaas签到 -> 添加成功
lzkj_interactsaas日历签到 -> 添加成功
lzkj_interactsaas邀请好友入会 -> 添加成功
幸运抽奖（超级无线） -> 添加成功
完善有礼（lzkj_loreal） -> 添加成功
分享有礼（lzkj_loreal） -> 添加成功
lzkj七日签到 -> 添加成功
lzkj签到有礼 -> 添加成功
lzkj盖楼有礼 -> 添加成功
lzkj加购物车抽奖 -> 添加成功
lzkj幸运抽奖 -> 添加成功
lzkj游戏活动 -> 添加成功
lzkj知识超人 -> 添加成功
lzkj关注店铺有礼 -> 添加成功
lzkj店铺礼包 -> 添加成功
unctio -> 添加成功
lz组队瓜分 -> 添加成功
京东通天塔--签到 -> 添加成功
特价版大赢家 -> 添加成功
特价版大赢家日常任务 -> 添加成功
大赢家兑50红包 -> 添加成功
赚钱大赢家提现 -> 添加成功
逛会场领卷 -> 添加成功
超市盲盒 -> 添加成功
超市消消乐游戏 -> 添加成功
美的京东超级品牌日 -> 添加成功
京东魔方-加密 -> 添加成功
魔方红包雨 -> 添加成功
京东小魔方--兑换 -> 添加成功
京东集魔方 -> 添加成功
早起生鲜打卡 -> 添加成功
头文字JJJ -> 添加成功
头文字j助力 -> 添加成功
头文字JJJ -> 添加成功
点点券-加密 -> 添加成功
一对一通知工具 -> 添加成功
微定制-开福袋 -> 添加成功
爱在520 甜蜜放价 -> 添加成功
派对狂欢城 -> 添加成功
东东萌宠兑换红包-手动执行 -> 添加成功
金融养猪 -> 添加成功
品类联合1 -> 添加成功
种豆得豆 -> 添加成功
种豆得豆内部互助 -> 添加成功
plus专属礼 -> 添加成功
plus分查询 -> 添加成功
4.29-5.10 超级品牌日 -> 添加成功
超级品牌殿堂 -> 添加成功
京东价保 -> 添加成功
京东保价 -> 添加成功
邀请好友入会得好礼 -> 添加成功
拉库修复 -> 添加成功
膨胀红包通知 -> 添加成功
倩碧邀请礼 -> 添加成功
青龙日志分析 && 自动补全依赖 -> 添加成功
6.1-6.30 QQ星成长黄金期，集成长值赢大奖 -> 添加成功
伊利星系牧场 -> 添加成功
临时小豆 -> 添加成功
红包雨 -> 添加成功
单容器 二叉树修复脚本依赖文件 -> 添加成功
超级无线店铺签到 -> 添加成功
闪购盲盒 -> 添加成功
闪购签到有礼 -> 添加成功
分享有礼 -> 添加成功
lz分享有礼 -> 添加成功
进店领豆 -> 添加成功
店铺会员礼包-JK -> 添加成功
店铺左侧刮刮乐 -> 添加成功
店铺礼包 -> 添加成功
通用开卡-超店shopLeague系列 -> 添加成功
无线店铺签到（超级无线/超级会员） -> 添加成功
店铺抽奖 -> 添加成功
极速免费签到 -> 添加成功
京东签到翻牌 -> 添加成功
京东美妆签到 -> 添加成功
领京豆签到 -> 添加成功
SK2互动抽奖，至高赢经典神仙水 -> 添加成功
京东极速版红包 -> 添加成功
京东特价版任务 -> 添加成功
京东极速版签到免单 -> 添加成功
极速模式签到 -> 添加成功
特务之明星送好礼 -> 添加成功
频道关注 -> 添加成功
京东超市-星币 -> 添加成功
京东超市兑换 -> 添加成功
京东超市-星币兑换 -> 添加成功
京东超市兑换 -> 添加成功
京东超市任务 -> 添加成功
超级盲盒 -> 添加成功
赚京豆 -> 添加成功
微定制瓜分京豆 -> 添加成功
组队分豆-飞利浦 -> 添加成功
抽10豆 -> 添加成功
特价版-幸运抽奖助力助力 -> 添加成功
特价版-牛牛乐园 -> 添加成功
特价版-牛牛乐园助力 -> 添加成功
特价版签到提现 -> 添加成功
连连消抽豆 -> 添加成功
京东试用 -> 添加成功
京东试用待领取通知 -> 添加成功
京东试用成功通知 -> 添加成功
天天领红包 -> 添加成功
特务春意值抽奖 -> 添加成功
特务集卡 -> 添加成功
PKC关注有礼-特效 -> 添加成功
PKC关注有礼-特效 -> 添加成功
抽现金提现统计 -> 添加成功
txzj 加购有礼 -> 添加成功
txzj 关注有礼 -> 添加成功
txzj抽奖 -> 添加成功
txzj 签到 -> 添加成功
取关店铺 -> 添加成功
手动注销京东会员卡 -> 添加成功
取关所有主播 -> 添加成功
批量取关店铺和商品 -> 添加成功
取关京东店铺和商品 -> 添加成功
查看京享值权益 -> 添加成功
临期京豆换积分 -> 添加成功
微定制组队瓜分-JK -> 添加成功
微定制瓜分福袋-加密 -> 添加成功
jd_wechat_zz.ts -> 添加成功
关注有礼-自动解析通用 -> 添加成功
众筹许愿池 -> 添加成功
jd_work_price.js -> 添加成功
微信签到领红包 -> 添加成功
万人团红包 -> 添加成功
wskey本地转换 -> 添加成功
极速版我是大老板农场 -> 添加成功
wskey转换 -> 添加成功
注销所有 WSKEY -> 添加成功
汪汪庄园合成 -> 添加成功
汪汪乐园合成 -> 添加成功
京东版-汪汪庄园 -> 添加成功
京东版-汪汪庄园助力 -> 添加成功
生日等级礼包-JK -> 添加成功
盖楼有礼-JK -> 添加成功
购物车锦鲤通用活动 -> 添加成功
集卡抽奖通用活动 -> 添加成功
加购物车抽奖 一键加购 -> 添加成功
加购有礼-JK -> 添加成功
加购物车抽奖 -> 添加成功
完善信息有礼-JK -> 添加成功
粉丝互动通用活动 -> 添加成功
粉丝互动 -> 添加成功
读秒拼手速 -> 添加成功
分享有礼 -> 添加成功
关注店铺有礼-JK -> 添加成功
关注店铺有礼 -> 添加成功
店铺特效关注有礼-JK -> 添加成功
微信签到红包-加密 -> 添加成功
组队瓜分奖品（超级无线/超级会员） -> 添加成功
让福袋飞 -> 添加成功
LZ店铺通用游戏任务 -> 添加成功
天天来赚钱 -> 添加成功
玩一玩成就 -> 添加成功
我最期待的年货 -> 添加成功
新百货盖楼兑换20豆 -> 添加成功
新百货盖楼 -> 添加成功
颜究种植园 -> 添加成功
预约抽奖赢新品 -> 添加成功
预约抽奖赢新品 -> 添加成功
京东小魔方 -> 添加成功
京享周周乐 -> 添加成功
洋河造梦空间站 -> 添加成功
邀请领现金 -> 添加成功
摇钱树任务 -> 添加成功
预约抽奖赢新品 -> 添加成功
3.24-4.20真我预约抽奖 -> 添加成功
赚京豆-加密 -> 添加成功
祖玛珑邀请有礼 -> 添加成功
8.10-8.31 祖玛珑邀请有礼 -> 添加成功
9.15-9.29 中秋月饼勋章会员互动 -> 添加成功
Jd转赚红包 -> 添加成功
京东版-转赚红包助力 -> 添加成功
jx_aid_cashback.js -> 添加成功
Jx特价抽现金 -> 添加成功
M京喜工厂自动化 -> 添加成功
M京喜工厂商品 -> 添加成功
京喜团圆红包 -> 添加成功
牛牛乐园任务 -> 添加成功
牛牛乐园合成 -> 添加成功
京喜一元兑好礼 -> 添加成功
京喜签到-喜豆 -> 添加成功
M集卡抽奖 -> 添加成功
M分享有礼 -> 添加成功
M组队瓜分 -> 添加成功
jdCookie.py -> 添加成功
app_open -> 添加成功
jd_joy_getInvokeKey.ts -> 添加成功
jd_joy_validate.js -> 添加成功
jd_jxmcToken.js -> 添加成功
jd_zjd_tool.js -> 添加成功

## 执行结束... 2023-09-23 11:58:10  耗时 82 秒
