## 开始执行... 2023-03-01 15:50:00

开始更新仓库：/ql/repo/6dylan6_jdpro

Fetching origin
HEAD is now at 1ceae2b 1
Updating 1ceae2b..dfa3890
Fast-forward
 jd_asksign.js     |   8 +
 jd_bean_change.js | 119 ---------
 jd_jrsign.js      |   9 +
 jd_jxmc.js        | 723 ------------------------------------------------------
 4 files changed, 17 insertions(+), 842 deletions(-)
 create mode 100644 jd_asksign.js
 create mode 100644 jd_jrsign.js
 delete mode 100644 jd_jxmc.js

更新/ql/repo/6dylan6_jdpro成功...

检测到有失效的定时任务：

6dylan6_jdpro/jd_jxmc.js

开始尝试自动删除失效的定时任务...

检测到有新的定时任务：

6dylan6_jdpro/jd_asksign.js
6dylan6_jdpro/jd_jrsign.js

开始尝试自动添加定时任务...

不知啥签到 -> 添加成功
金融签到 -> 添加成功

## 执行结束... 2023-03-01 15:50:10  耗时 10 秒
