## 开始执行... 2023-10-18 00:00:00

开始克隆仓库 https://git.metauniverse-cn.com/https://github.com/shufflewzc/faker2.git 到 /ql/repo/shufflewzc_faker2_main


更新/ql/repo/shufflewzc_faker2_main失败，重新下载全新仓库...

开始克隆仓库 https://git.metauniverse-cn.com/https://github.com/shufflewzc/faker2.git 到 /ql/repo/shufflewzc_faker2_main


更新/ql/repo/shufflewzc_faker2_main成功...

检测到有失效的定时任务：

shufflewzc_faker2_main/jd_cjhy_wxKnowledgeActivity.js
shufflewzc_faker2_main/jd_cjhy_wxShopFollowActivity.js
shufflewzc_faker2_main/jd_cjhy_wxShopGift.js
shufflewzc_faker2_main/jd_cjhydz_wxTeam.js
shufflewzc_faker2_main/jd_lzkj_wxBuildActivity.js
shufflewzc_faker2_main/jd_lzkj_wxCollectionActivity.js
shufflewzc_faker2_main/jd_lzkj_wxKnowledgeActivity.js
shufflewzc_faker2_main/jd_lzkj_wxShopGift.js
shufflewzc_faker2_main/jd_lzkjdz_wxTeam.js

开始尝试自动删除失效的定时任务...

检测到有新的定时任务：

shufflewzc_faker2_main/jd_lzkj_loreal_pointsExchange.js
shufflewzc_faker2_main/jd_lzkj_loreal_sign.js
shufflewzc_faker2_main/jd_sign.js
shufflewzc_faker2_main/jd_wxBuildActivity.js
shufflewzc_faker2_main/jd_wxKnowledgeActivity.js
shufflewzc_faker2_main/jd_wxShopGift.js

开始尝试自动添加定时任务...

积分兑换（超级无线） -> 添加成功
签到抽奖（lzkj_loreal） -> 添加成功
小豆签到 -> 添加成功
盖楼有礼（超级无线） -> 添加成功
知识超人（超级无线/超级会员） -> 添加成功
店铺礼包特效 -> 添加成功

## 执行结束... 2023-10-18 00:23:58  耗时 1438 秒
