## 开始执行... 2023-03-01 17:50:00

开始更新仓库：/ql/repo/6dylan6_jdpro

Fetching origin
HEAD is now at dfa3890 1
Updating dfa3890..5536c5a
Fast-forward
 jd_AJMH.js  | 24 ++++++++++++++++++++++++
 jd_YSLD.js  | 32 ++++++++++++++++++++++++++++++++
 jd_qbyql.js | 32 ++++++++++++++++++++++++++++++++
 3 files changed, 88 insertions(+)
 create mode 100644 jd_AJMH.js
 create mode 100644 jd_YSLD.js
 create mode 100644 jd_qbyql.js

更新/ql/repo/6dylan6_jdpro成功...

检测到有新的定时任务：

6dylan6_jdpro/jd_AJMH.js
6dylan6_jdpro/jd_YSLD.js
6dylan6_jdpro/jd_qbyql.js

开始尝试自动添加定时任务...

安佳开盲盒赢好礼 -> 添加成功
雅诗兰黛邀新有礼 -> 添加成功
倩碧邀请礼 -> 添加成功

## 执行结束... 2023-03-01 17:50:08  耗时 8 秒
