## 开始执行... 2023-03-01 09:50:00

开始更新仓库：/ql/repo/6dylan6_jdpro

Fetching origin
HEAD is now at b2287c9 1
Updating b2287c9..3ffb128
Fast-forward
 function/proxy.js |  2 +-
 jd_opencard88.js  | 76 +++++++++++++++++++++++++++++++++++++++++++++++++++++++
 jd_opencard89.js  | 74 +++++++++++++++++++++++++++++++++++++++++++++++++++++
 3 files changed, 151 insertions(+), 1 deletion(-)
 create mode 100644 jd_opencard88.js
 create mode 100644 jd_opencard89.js

更新/ql/repo/6dylan6_jdpro成功...

检测到有新的定时任务：

6dylan6_jdpro/jd_opencard88.js
6dylan6_jdpro/jd_opencard89.js

开始尝试自动添加定时任务...

3.1~3.8 京东超店会员福利社 -> 添加成功
03.01~03.10 3月芳菲，绽放‘她力量’ -> 添加成功

## 执行结束... 2023-03-01 09:50:10  耗时 10 秒
