## 开始执行... 2023-02-12 20:40:22

--------------------------------------------------------------


-------set up dot net env-------
安装依赖...
OK: 360 MiB in 112 packages
install by binaries...
创建软链接...
.NET SDK:
 Version:   6.0.403
 Commit:    2bc18bf292

运行时环境:
 OS Name:     alpine
 OS Version:  3.15
 OS Platform: Linux
 RID:         alpine.3.15-x64
 Base Path:   /root/.dotnet/sdk/6.0.403/

global.json file:
  Not found

Host:
  Version:      6.0.11
  Architecture: x64
  Commit:       943474ca16

.NET SDKs installed:
  6.0.403 [/root/.dotnet/sdk]

.NET runtimes installed:
  Microsoft.AspNetCore.App 6.0.11 [/root/.dotnet/shared/Microsoft.AspNetCore.App]
  Microsoft.NETCore.App 6.0.11 [/root/.dotnet/shared/Microsoft.NETCore.App]

Download .NET:
  https://aka.ms/dotnet-download

Learn about .NET Runtimes and SDKs:
  https://aka.ms/dotnet/runtimes-sdk-info

-------set up dot net env finish-------

## 执行结束... 2023-02-12 20:43:34  耗时 192 秒
